This is pdfTeX, Version 3.1415926-2.3-1.40.12 (TeX Live 2012/dev/Arch Linux) (format=latex 2012.5.7)  12 MAY 2012 11:47
entering extended mode
 restricted \write18 enabled.
 %&-line parsing enabled.
**fithesis.ins
(./fithesis.ins
LaTeX2e <2011/06/27>
Babel <v3.8m> and hyphenation patterns for english, dumylang, nohyphenation, ge
rman-x-2011-07-01, ngerman-x-2011-07-01, afrikaans, ancientgreek, ibycus, arabi
c, armenian, basque, bulgarian, catalan, pinyin, coptic, croatian, czech, danis
h, dutch, ukenglish, usenglishmax, esperanto, estonian, ethiopic, farsi, finnis
h, french, galician, german, ngerman, swissgerman, monogreek, greek, hungarian,
 icelandic, assamese, bengali, gujarati, hindi, kannada, malayalam, marathi, or
iya, panjabi, tamil, telugu, indonesian, interlingua, irish, italian, kurmanji,
 lao, latin, latvian, lithuanian, mongolian, mongolianlmc, bokmal, nynorsk, pol
ish, portuguese, romanian, russian, sanskrit, serbian, serbianc, slovak, sloven
ian, spanish, swedish, turkish, turkmen, ukrainian, uppersorbian, welsh, loaded
.
(/usr/share/texmf-dist/tex/latex/base/docstrip.tex
\blockLevel=\count79
\emptyLines=\count80
\processedLines=\count81
\commentsRemoved=\count82
\commentsPassed=\count83
\codeLinesPassed=\count84
\TotalprocessedLines=\count85
\TotalcommentsRemoved=\count86
\TotalcommentsPassed=\count87
\TotalcodeLinesPassed=\count88
\NumberOfFiles=\count89
\inFile=\read1
\inputcheck=\read2
\off@0=\count90
\off@1=\count91
\off@2=\count92
\off@3=\count93
\off@4=\count94
\off@5=\count95
\off@6=\count96
\off@7=\count97
\off@8=\count98
\off@9=\count99
\off@10=\count100
\off@11=\count101
\off@12=\count102
\off@13=\count103
\off@14=\count104
\off@15=\count105
\@maxfiles=\count106
\@maxoutfiles=\count107

Utility: `docstrip' 2.5d <2005/07/29>
English documentation    <1999/03/31>

**********************************************************
* This program converts documented macro-files into fast *
* loadable files by stripping off (nearly) all comments! *
**********************************************************

********************************************************
* No Configuration file found, using default settings. *
********************************************************

(./fithesis.ins
*** Generating the files ***

Generating file(s) ./fithesis.cls 
\openout0 = `./fithesis.cls'.


Processing file fithesis.dtx (class) -> fithesis.cls
Lines  processed: 1251
Comments removed: 366
Comments  passed: 0
Codelines passed: 855


Generating file(s) ./fit10.clo 
\openout0 = `./fit10.clo'.


Processing file fithesis.dtx (opt,10pt) -> fit10.clo
Lines  processed: 1251
Comments removed: 366
Comments  passed: 0
Codelines passed: 855


Generating file(s) ./fit11.clo 
\openout0 = `./fit11.clo'.


Processing file fithesis.dtx (opt,11pt) -> fit11.clo
Lines  processed: 1251
Comments removed: 366
Comments  passed: 0
Codelines passed: 855


Generating file(s) ./fit12.clo 
\openout0 = `./fit12.clo'.


Processing file fithesis.dtx (opt,12pt) -> fit12.clo
Lines  processed: 1251
Comments removed: 366
Comments  passed: 0
Codelines passed: 855

***********************************************************
*
* To finish the installation you have to move the following
* files into a directory searched by TeX:
*
*   fithesis.cls
*   fit10.clo
*   fit11.clo
*   fit12.clo
*
* To produce the documentation run the files ending with
* `.dtx' through LaTeX.
*
* Happy TeXing
***********************************************************
)
Overall statistics:
Files  processed: 4
Lines  processed: 5004
Comments removed: 1464
Comments  passed: 0
Codelines passed: 3420
 ) ) 
Here is how much of TeX's memory you used:
 345 strings out of 493630
 3465 string characters out of 3148802
 55915 words of memory out of 3000000
 3737 multiletter control sequences out of 15000+200000
 3640 words of font info for 14 fonts, out of 3000000 for 9000
 831 hyphenation exceptions out of 8191
 16i,0n,18p,264b,130s stack positions out of 5000i,500n,10000p,200000b,50000s

No pages of output.
