This is pdfTeX, Version 3.1415926-2.3-1.40.12 (TeX Live 2012/dev/Arch Linux) (format=pdflatex 2011.11.24)  26 NOV 2011 17:29
entering extended mode
 restricted \write18 enabled.
 %&-line parsing enabled.
**tepo.tex
(./tepo.tex
LaTeX2e <2009/09/24>
Babel <v3.8l> and hyphenation patterns for english, dumylang, nohyphenation, ge
rman-x-2009-06-19, ngerman-x-2009-06-19, afrikaans, ancientgreek, ibycus, arabi
c, armenian, basque, bulgarian, catalan, pinyin, coptic, croatian, czech, danis
h, dutch, ukenglish, usenglishmax, esperanto, estonian, ethiopic, farsi, finnis
h, french, galician, german, ngerman, swissgerman, monogreek, greek, hungarian,
 icelandic, assamese, bengali, gujarati, hindi, kannada, malayalam, marathi, or
iya, panjabi, tamil, telugu, indonesian, interlingua, irish, italian, kurmanji,
 lao, latin, latvian, lithuanian, mongolian, mongolianlmc, bokmal, nynorsk, pol
ish, portuguese, romanian, russian, sanskrit, serbian, serbianc, slovak, sloven
ian, spanish, swedish, turkish, turkmen, ukrainian, uppersorbian, welsh, loaded
.
(/usr/share/texmf-dist/tex/latex/base/report.cls
Document Class: report 2007/10/19 v1.4h Standard LaTeX document class
(/usr/share/texmf-dist/tex/latex/base/size12.clo
File: size12.clo 2007/10/19 v1.4h Standard LaTeX file (size option)
)
\c@part=\count79
\c@chapter=\count80
\c@section=\count81
\c@subsection=\count82
\c@subsubsection=\count83
\c@paragraph=\count84
\c@subparagraph=\count85
\c@figure=\count86
\c@table=\count87
\abovecaptionskip=\skip41
\belowcaptionskip=\skip42
\bibindent=\dimen102
)
(/usr/share/texmf-dist/tex/latex/base/inputenc.sty
Package: inputenc 2008/03/30 v1.1d Input encoding file
\inpenc@prehook=\toks14
\inpenc@posthook=\toks15

(/usr/share/texmf-dist/tex/latex/base/utf8.def
File: utf8.def 2008/04/05 v1.1m UTF-8 support for inputenc
Now handling font encoding OML ...
... no UTF-8 mapping file for font encoding OML
Now handling font encoding T1 ...
... processing UTF-8 mapping file for font encoding T1

(/usr/share/texmf-dist/tex/latex/base/t1enc.dfu
File: t1enc.dfu 2008/04/05 v1.1m UTF-8 support for inputenc
   defining Unicode char U+00A1 (decimal 161)
   defining Unicode char U+00A3 (decimal 163)
   defining Unicode char U+00AB (decimal 171)
   defining Unicode char U+00BB (decimal 187)
   defining Unicode char U+00BF (decimal 191)
   defining Unicode char U+00C0 (decimal 192)
   defining Unicode char U+00C1 (decimal 193)
   defining Unicode char U+00C2 (decimal 194)
   defining Unicode char U+00C3 (decimal 195)
   defining Unicode char U+00C4 (decimal 196)
   defining Unicode char U+00C5 (decimal 197)
   defining Unicode char U+00C6 (decimal 198)
   defining Unicode char U+00C7 (decimal 199)
   defining Unicode char U+00C8 (decimal 200)
   defining Unicode char U+00C9 (decimal 201)
   defining Unicode char U+00CA (decimal 202)
   defining Unicode char U+00CB (decimal 203)
   defining Unicode char U+00CC (decimal 204)
   defining Unicode char U+00CD (decimal 205)
   defining Unicode char U+00CE (decimal 206)
   defining Unicode char U+00CF (decimal 207)
   defining Unicode char U+00D0 (decimal 208)
   defining Unicode char U+00D1 (decimal 209)
   defining Unicode char U+00D2 (decimal 210)
   defining Unicode char U+00D3 (decimal 211)
   defining Unicode char U+00D4 (decimal 212)
   defining Unicode char U+00D5 (decimal 213)
   defining Unicode char U+00D6 (decimal 214)
   defining Unicode char U+00D8 (decimal 216)
   defining Unicode char U+00D9 (decimal 217)
   defining Unicode char U+00DA (decimal 218)
   defining Unicode char U+00DB (decimal 219)
   defining Unicode char U+00DC (decimal 220)
   defining Unicode char U+00DD (decimal 221)
   defining Unicode char U+00DE (decimal 222)
   defining Unicode char U+00DF (decimal 223)
   defining Unicode char U+00E0 (decimal 224)
   defining Unicode char U+00E1 (decimal 225)
   defining Unicode char U+00E2 (decimal 226)
   defining Unicode char U+00E3 (decimal 227)
   defining Unicode char U+00E4 (decimal 228)
   defining Unicode char U+00E5 (decimal 229)
   defining Unicode char U+00E6 (decimal 230)
   defining Unicode char U+00E7 (decimal 231)
   defining Unicode char U+00E8 (decimal 232)
   defining Unicode char U+00E9 (decimal 233)
   defining Unicode char U+00EA (decimal 234)
   defining Unicode char U+00EB (decimal 235)
   defining Unicode char U+00EC (decimal 236)
   defining Unicode char U+00ED (decimal 237)
   defining Unicode char U+00EE (decimal 238)
   defining Unicode char U+00EF (decimal 239)
   defining Unicode char U+00F0 (decimal 240)
   defining Unicode char U+00F1 (decimal 241)
   defining Unicode char U+00F2 (decimal 242)
   defining Unicode char U+00F3 (decimal 243)
   defining Unicode char U+00F4 (decimal 244)
   defining Unicode char U+00F5 (decimal 245)
   defining Unicode char U+00F6 (decimal 246)
   defining Unicode char U+00F8 (decimal 248)
   defining Unicode char U+00F9 (decimal 249)
   defining Unicode char U+00FA (decimal 250)
   defining Unicode char U+00FB (decimal 251)
   defining Unicode char U+00FC (decimal 252)
   defining Unicode char U+00FD (decimal 253)
   defining Unicode char U+00FE (decimal 254)
   defining Unicode char U+00FF (decimal 255)
   defining Unicode char U+0102 (decimal 258)
   defining Unicode char U+0103 (decimal 259)
   defining Unicode char U+0104 (decimal 260)
   defining Unicode char U+0105 (decimal 261)
   defining Unicode char U+0106 (decimal 262)
   defining Unicode char U+0107 (decimal 263)
   defining Unicode char U+010C (decimal 268)
   defining Unicode char U+010D (decimal 269)
   defining Unicode char U+010E (decimal 270)
   defining Unicode char U+010F (decimal 271)
   defining Unicode char U+0110 (decimal 272)
   defining Unicode char U+0111 (decimal 273)
   defining Unicode char U+0118 (decimal 280)
   defining Unicode char U+0119 (decimal 281)
   defining Unicode char U+011A (decimal 282)
   defining Unicode char U+011B (decimal 283)
   defining Unicode char U+011E (decimal 286)
   defining Unicode char U+011F (decimal 287)
   defining Unicode char U+0130 (decimal 304)
   defining Unicode char U+0131 (decimal 305)
   defining Unicode char U+0132 (decimal 306)
   defining Unicode char U+0133 (decimal 307)
   defining Unicode char U+0139 (decimal 313)
   defining Unicode char U+013A (decimal 314)
   defining Unicode char U+013D (decimal 317)
   defining Unicode char U+013E (decimal 318)
   defining Unicode char U+0141 (decimal 321)
   defining Unicode char U+0142 (decimal 322)
   defining Unicode char U+0143 (decimal 323)
   defining Unicode char U+0144 (decimal 324)
   defining Unicode char U+0147 (decimal 327)
   defining Unicode char U+0148 (decimal 328)
   defining Unicode char U+014A (decimal 330)
   defining Unicode char U+014B (decimal 331)
   defining Unicode char U+0150 (decimal 336)
   defining Unicode char U+0151 (decimal 337)
   defining Unicode char U+0152 (decimal 338)
   defining Unicode char U+0153 (decimal 339)
   defining Unicode char U+0154 (decimal 340)
   defining Unicode char U+0155 (decimal 341)
   defining Unicode char U+0158 (decimal 344)
   defining Unicode char U+0159 (decimal 345)
   defining Unicode char U+015A (decimal 346)
   defining Unicode char U+015B (decimal 347)
   defining Unicode char U+015E (decimal 350)
   defining Unicode char U+015F (decimal 351)
   defining Unicode char U+0160 (decimal 352)
   defining Unicode char U+0161 (decimal 353)
   defining Unicode char U+0162 (decimal 354)
   defining Unicode char U+0163 (decimal 355)
   defining Unicode char U+0164 (decimal 356)
   defining Unicode char U+0165 (decimal 357)
   defining Unicode char U+016E (decimal 366)
   defining Unicode char U+016F (decimal 367)
   defining Unicode char U+0170 (decimal 368)
   defining Unicode char U+0171 (decimal 369)
   defining Unicode char U+0178 (decimal 376)
   defining Unicode char U+0179 (decimal 377)
   defining Unicode char U+017A (decimal 378)
   defining Unicode char U+017B (decimal 379)
   defining Unicode char U+017C (decimal 380)
   defining Unicode char U+017D (decimal 381)
   defining Unicode char U+017E (decimal 382)
   defining Unicode char U+200C (decimal 8204)
   defining Unicode char U+2013 (decimal 8211)
   defining Unicode char U+2014 (decimal 8212)
   defining Unicode char U+2018 (decimal 8216)
   defining Unicode char U+2019 (decimal 8217)
   defining Unicode char U+201A (decimal 8218)
   defining Unicode char U+201C (decimal 8220)
   defining Unicode char U+201D (decimal 8221)
   defining Unicode char U+201E (decimal 8222)
   defining Unicode char U+2030 (decimal 8240)
   defining Unicode char U+2031 (decimal 8241)
   defining Unicode char U+2039 (decimal 8249)
   defining Unicode char U+203A (decimal 8250)
   defining Unicode char U+2423 (decimal 9251)
)
Now handling font encoding OT1 ...
... processing UTF-8 mapping file for font encoding OT1

(/usr/share/texmf-dist/tex/latex/base/ot1enc.dfu
File: ot1enc.dfu 2008/04/05 v1.1m UTF-8 support for inputenc
   defining Unicode char U+00A1 (decimal 161)
   defining Unicode char U+00A3 (decimal 163)
   defining Unicode char U+00B8 (decimal 184)
   defining Unicode char U+00BF (decimal 191)
   defining Unicode char U+00C5 (decimal 197)
   defining Unicode char U+00C6 (decimal 198)
   defining Unicode char U+00D8 (decimal 216)
   defining Unicode char U+00DF (decimal 223)
   defining Unicode char U+00E6 (decimal 230)
   defining Unicode char U+00EC (decimal 236)
   defining Unicode char U+00ED (decimal 237)
   defining Unicode char U+00EE (decimal 238)
   defining Unicode char U+00EF (decimal 239)
   defining Unicode char U+00F8 (decimal 248)
   defining Unicode char U+0131 (decimal 305)
   defining Unicode char U+0141 (decimal 321)
   defining Unicode char U+0142 (decimal 322)
   defining Unicode char U+0152 (decimal 338)
   defining Unicode char U+0153 (decimal 339)
   defining Unicode char U+2013 (decimal 8211)
   defining Unicode char U+2014 (decimal 8212)
   defining Unicode char U+2018 (decimal 8216)
   defining Unicode char U+2019 (decimal 8217)
   defining Unicode char U+201C (decimal 8220)
   defining Unicode char U+201D (decimal 8221)
)
Now handling font encoding OMS ...
... processing UTF-8 mapping file for font encoding OMS

(/usr/share/texmf-dist/tex/latex/base/omsenc.dfu
File: omsenc.dfu 2008/04/05 v1.1m UTF-8 support for inputenc
   defining Unicode char U+00A7 (decimal 167)
   defining Unicode char U+00B6 (decimal 182)
   defining Unicode char U+00B7 (decimal 183)
   defining Unicode char U+2020 (decimal 8224)
   defining Unicode char U+2021 (decimal 8225)
   defining Unicode char U+2022 (decimal 8226)
)
Now handling font encoding OMX ...
... no UTF-8 mapping file for font encoding OMX
Now handling font encoding U ...
... no UTF-8 mapping file for font encoding U
   defining Unicode char U+00A9 (decimal 169)
   defining Unicode char U+00AA (decimal 170)
   defining Unicode char U+00AE (decimal 174)
   defining Unicode char U+00BA (decimal 186)
   defining Unicode char U+02C6 (decimal 710)
   defining Unicode char U+02DC (decimal 732)
   defining Unicode char U+200C (decimal 8204)
   defining Unicode char U+2026 (decimal 8230)
   defining Unicode char U+2122 (decimal 8482)
   defining Unicode char U+2423 (decimal 9251)
))
(/usr/share/texmf-dist/tex/generic/babel/babel.sty
Package: babel 2008/07/06 v3.8l The Babel package

(/usr/share/texmf-dist/tex/generic/babel/czech.ldf
Language: czech 2008/07/06 v3.1a Czech support from the babel system

(/usr/share/texmf-dist/tex/generic/babel/babel.def
File: babel.def 2008/07/06 v3.8l Babel common definitions
\babel@savecnt=\count88
\U@D=\dimen103
)
Package babel Info: Making " an active character on input line 172.
\cs@wordlen=\count89
Package babel Info: Making - an active character on input line 226.
))
(/usr/share/texmf-dist/tex/latex/amsmath/amsmath.sty
Package: amsmath 2000/07/18 v2.13 AMS math features
\@mathmargin=\skip43

For additional information on amsmath, use the `?' option.
(/usr/share/texmf-dist/tex/latex/amsmath/amstext.sty
Package: amstext 2000/06/29 v2.01

(/usr/share/texmf-dist/tex/latex/amsmath/amsgen.sty
File: amsgen.sty 1999/11/30 v2.0
\@emptytoks=\toks16
\ex@=\dimen104
))
(/usr/share/texmf-dist/tex/latex/amsmath/amsbsy.sty
Package: amsbsy 1999/11/29 v1.2d
\pmbraise@=\dimen105
)
(/usr/share/texmf-dist/tex/latex/amsmath/amsopn.sty
Package: amsopn 1999/12/14 v2.01 operator names
)
\inf@bad=\count90
LaTeX Info: Redefining \frac on input line 211.
\uproot@=\count91
\leftroot@=\count92
LaTeX Info: Redefining \overline on input line 307.
\classnum@=\count93
\DOTSCASE@=\count94
LaTeX Info: Redefining \ldots on input line 379.
LaTeX Info: Redefining \dots on input line 382.
LaTeX Info: Redefining \cdots on input line 467.
\Mathstrutbox@=\box26
\strutbox@=\box27
\big@size=\dimen106
LaTeX Font Info:    Redeclaring font encoding OML on input line 567.
LaTeX Font Info:    Redeclaring font encoding OMS on input line 568.
\macc@depth=\count95
\c@MaxMatrixCols=\count96
\dotsspace@=\muskip10
\c@parentequation=\count97
\dspbrk@lvl=\count98
\tag@help=\toks17
\row@=\count99
\column@=\count100
\maxfields@=\count101
\andhelp@=\toks18
\eqnshift@=\dimen107
\alignsep@=\dimen108
\tagshift@=\dimen109
\tagwidth@=\dimen110
\totwidth@=\dimen111
\lineht@=\dimen112
\@envbody=\toks19
\multlinegap=\skip44
\multlinetaggap=\skip45
\mathdisplay@stack=\toks20
LaTeX Info: Redefining \[ on input line 2666.
LaTeX Info: Redefining \] on input line 2667.
)
(/usr/share/texmf-dist/tex/latex/amsfonts/amssymb.sty
Package: amssymb 2009/06/22 v3.00

(/usr/share/texmf-dist/tex/latex/amsfonts/amsfonts.sty
Package: amsfonts 2009/06/22 v3.00 Basic AMSFonts support
\symAMSa=\mathgroup4
\symAMSb=\mathgroup5
LaTeX Font Info:    Overwriting math alphabet `\mathfrak' in version `bold'
(Font)                  U/euf/m/n --> U/euf/b/n on input line 96.
))
(/usr/share/texmf-dist/tex/latex/geometry/geometry.sty
Package: geometry 2010/09/12 v5.6 Page Geometry

(/usr/share/texmf-dist/tex/latex/graphics/keyval.sty
Package: keyval 1999/03/16 v1.13 key=value parser (DPC)
\KV@toks@=\toks21
)
(/usr/share/texmf-dist/tex/generic/oberdiek/ifpdf.sty
Package: ifpdf 2011/01/30 v2.3 Provides the ifpdf switch (HO)
Package ifpdf Info: pdfTeX in PDF mode is detected.
)
(/usr/share/texmf-dist/tex/generic/oberdiek/ifvtex.sty
Package: ifvtex 2010/03/01 v1.5 Switches for detecting VTeX and its modes (HO)
Package ifvtex Info: VTeX not detected.
)
(/usr/share/texmf-dist/tex/generic/ifxetex/ifxetex.sty
Package: ifxetex 2010/09/12 v0.6 Provides ifxetex conditional
)
\Gm@cnth=\count102
\Gm@cntv=\count103
\c@Gm@tempcnt=\count104
\Gm@bindingoffset=\dimen113
\Gm@wd@mp=\dimen114
\Gm@odd@mp=\dimen115
\Gm@even@mp=\dimen116
\Gm@layoutwidth=\dimen117
\Gm@layoutheight=\dimen118
\Gm@layouthoffset=\dimen119
\Gm@layoutvoffset=\dimen120
\Gm@dimlist=\toks22
)
(/usr/share/texmf-dist/tex/latex/tools/array.sty
Package: array 2008/09/09 v2.4c Tabular extension package (FMi)
\col@sep=\dimen121
\extrarowheight=\dimen122
\NC@list=\toks23
\extratabsurround=\skip46
\backup@length=\skip47
)
(/usr/share/texmf-dist/tex/latex/graphics/graphicx.sty
Package: graphicx 1999/02/16 v1.0f Enhanced LaTeX Graphics (DPC,SPQR)

(/usr/share/texmf-dist/tex/latex/graphics/graphics.sty
Package: graphics 2009/02/05 v1.0o Standard LaTeX Graphics (DPC,SPQR)

(/usr/share/texmf-dist/tex/latex/graphics/trig.sty
Package: trig 1999/03/16 v1.09 sin cos tan (DPC)
)
(/usr/share/texmf-dist/tex/latex/latexconfig/graphics.cfg
File: graphics.cfg 2010/04/23 v1.9 graphics configuration of TeX Live
)
Package graphics Info: Driver file: pdftex.def on input line 91.

(/usr/share/texmf-dist/tex/latex/pdftex-def/pdftex.def
File: pdftex.def 2011/05/27 v0.06d Graphics/color for pdfTeX

(/usr/share/texmf-dist/tex/generic/oberdiek/infwarerr.sty
Package: infwarerr 2010/04/08 v1.3 Providing info/warning/message (HO)
)
(/usr/share/texmf-dist/tex/generic/oberdiek/ltxcmds.sty
Package: ltxcmds 2011/04/18 v1.20 LaTeX kernel commands for general use (HO)
)
\Gread@gobject=\count105
))
\Gin@req@height=\dimen123
\Gin@req@width=\dimen124
)
(/usr/share/texmf-dist/tex/latex/subfigure/subfigure.sty
Package: subfigure 2002/03/15 v2.1.5 subfigure package
\subfigtopskip=\skip48
\subfigcapskip=\skip49
\subfigcaptopadj=\dimen125
\subfigbottomskip=\skip50
\subfigcapmargin=\dimen126
\subfiglabelskip=\skip51
\c@subfigure=\count106
\c@lofdepth=\count107
\c@subtable=\count108
\c@lotdepth=\count109

****************************************
* Local config file subfigure.cfg used *
****************************************
(/usr/share/texmf-dist/tex/latex/subfigure/subfigure.cfg)
\subfig@top=\skip52
\subfig@bottom=\skip53
)
(/usr/share/texmf-dist/tex/latex/tools/verbatim.sty
Package: verbatim 2003/08/22 v1.5q LaTeX2e package for verbatim enhancements
\every@verbatim=\toks24
\verbatim@line=\toks25
\verbatim@in@stream=\read1
)
(/usr/share/texmf-dist/tex/latex/fancyhdr/fancyhdr.sty
\fancy@headwidth=\skip54
\f@ncyO@elh=\skip55
\f@ncyO@erh=\skip56
\f@ncyO@olh=\skip57
\f@ncyO@orh=\skip58
\f@ncyO@elf=\skip59
\f@ncyO@erf=\skip60
\f@ncyO@olf=\skip61
\f@ncyO@orf=\skip62
)
(/usr/share/texmf-dist/tex/latex/url/url.sty
\Urlmuskip=\muskip11
Package: url 2006/04/12  ver 3.3  Verb mode for urls, etc.
) (./tepo.aux)
\openout1 = `tepo.aux'.

LaTeX Font Info:    Checking defaults for OML/cmm/m/it on input line 24.
LaTeX Font Info:    ... okay on input line 24.
LaTeX Font Info:    Checking defaults for T1/cmr/m/n on input line 24.
LaTeX Font Info:    ... okay on input line 24.
LaTeX Font Info:    Checking defaults for OT1/cmr/m/n on input line 24.
LaTeX Font Info:    ... okay on input line 24.
LaTeX Font Info:    Checking defaults for OMS/cmsy/m/n on input line 24.
LaTeX Font Info:    ... okay on input line 24.
LaTeX Font Info:    Checking defaults for OMX/cmex/m/n on input line 24.
LaTeX Font Info:    ... okay on input line 24.
LaTeX Font Info:    Checking defaults for U/cmr/m/n on input line 24.
LaTeX Font Info:    ... okay on input line 24.

*geometry* driver: auto-detecting
*geometry* detected driver: pdftex
*geometry* verbose mode - [ preamble ] result:
* driver: pdftex
* paper: a4paper
* layout: <same size as paper>
* layoutoffset:(h,v)=(0.0pt,0.0pt)
* modes: 
* h-part:(L,W,R)=(99.58464pt, 426.79135pt, 71.13188pt)
* v-part:(T,H,B)=(99.58464pt, 645.87756pt, 99.58464pt)
* \paperwidth=597.50787pt
* \paperheight=845.04684pt
* \textwidth=426.79135pt
* \textheight=645.87756pt
* \oddsidemargin=27.31465pt
* \evensidemargin=27.31465pt
* \topmargin=-9.68535pt
* \headheight=12.0pt
* \headsep=25.0pt
* \topskip=12.0pt
* \footskip=30.0pt
* \marginparwidth=35.0pt
* \marginparsep=10.0pt
* \columnsep=10.0pt
* \skip\footins=10.8pt plus 4.0pt minus 2.0pt
* \hoffset=0.0pt
* \voffset=0.0pt
* \mag=1000
* \@twocolumnfalse
* \@twosidefalse
* \@mparswitchfalse
* \@reversemarginfalse
* (1in=72.27pt=25.4mm, 1cm=28.453pt)

(/usr/share/texmf-dist/tex/context/base/supp-pdf.mkii
[Loading MPS to PDF converter (version 2006.09.02).]
\scratchcounter=\count110
\scratchdimen=\dimen127
\scratchbox=\box28
\nofMPsegments=\count111
\nofMParguments=\count112
\everyMPshowfont=\toks26
\MPscratchCnt=\count113
\MPscratchDim=\dimen128
\MPnumerator=\count114
\makeMPintoPDFobject=\count115
\everyMPtoPDFconversion=\toks27
) (/usr/share/texmf-dist/tex/generic/oberdiek/pdftexcmds.sty
Package: pdftexcmds 2011/04/22 v0.16 Utilities of pdfTeX for LuaTeX (HO)

(/usr/share/texmf-dist/tex/generic/oberdiek/ifluatex.sty
Package: ifluatex 2010/03/01 v1.3 Provides the ifluatex switch (HO)
Package ifluatex Info: LuaTeX not detected.
)
Package pdftexcmds Info: LuaTeX not detected.
Package pdftexcmds Info: \pdf@primitive is available.
Package pdftexcmds Info: \pdf@ifprimitive is available.
Package pdftexcmds Info: \pdfdraftmode found.
)
(/usr/share/texmf-dist/tex/latex/oberdiek/epstopdf-base.sty
Package: epstopdf-base 2010/02/09 v2.5 Base part for package epstopdf

(/usr/share/texmf-dist/tex/latex/oberdiek/grfext.sty
Package: grfext 2010/08/19 v1.1 Managing graphics extensions (HO)

(/usr/share/texmf-dist/tex/generic/oberdiek/kvdefinekeys.sty
Package: kvdefinekeys 2011/04/07 v1.3 Defining keys (HO)
))
(/usr/share/texmf-dist/tex/latex/oberdiek/kvoptions.sty
Package: kvoptions 2010/12/23 v3.10 Keyval support for LaTeX options (HO)

(/usr/share/texmf-dist/tex/generic/oberdiek/kvsetkeys.sty
Package: kvsetkeys 2011/04/07 v1.13 Key value parser (HO)

(/usr/share/texmf-dist/tex/generic/oberdiek/etexcmds.sty
Package: etexcmds 2011/02/16 v1.5 Prefix for e-TeX command names (HO)
Package etexcmds Info: Could not find \expanded.
(etexcmds)             That can mean that you are not using pdfTeX 1.50 or
(etexcmds)             that some package has redefined \expanded.
(etexcmds)             In the latter case, load this package earlier.
)))
Package grfext Info: Graphics extension search list:
(grfext)             [.png,.pdf,.jpg,.mps,.jpeg,.jbig2,.jb2,.PNG,.PDF,.JPG,.JPE
G,.JBIG2,.JB2,.eps]
(grfext)             \AppendGraphicsExtensions on input line 452.

(/usr/share/texmf-dist/tex/latex/latexconfig/epstopdf-sys.cfg
File: epstopdf-sys.cfg 2010/07/13 v1.3 Configuration of (r)epstopdf for TeX Liv
e
))
<prf_logo.pdf, id=1, 289.08pt x 288.83911pt>
File: prf_logo.pdf Graphic file (type pdf)
 <use prf_logo.pdf>
Package pdftex.def Info: prf_logo.pdf used on input line 34.
(pdftex.def)             Requested size: 202.35461pt x 202.18599pt.
 [0

{/var/lib/texmf/fonts/map/pdftex/updmap/pdftex.map} <./prf_logo.pdf>] (./tepo.t
oc
LaTeX Font Info:    Try loading font information for U+msa on input line 4.

(/usr/share/texmf-dist/tex/latex/amsfonts/umsa.fd
File: umsa.fd 2009/06/22 v3.00 AMS symbols A
)
LaTeX Font Info:    Try loading font information for U+msb on input line 4.

(/usr/share/texmf-dist/tex/latex/amsfonts/umsb.fd
File: umsb.fd 2009/06/22 v3.00 AMS symbols B
))
\tf@toc=\write3
\openout3 = `tepo.toc'.

 [1

]
Overfull \hbox (7.89017pt too wide) in paragraph at lines 53--54
\OT1/cmr/m/n/12 port-fo-lio m^^Telo po^^Tzadovan^^Se vlast-nosti, p^^Tredev^^Ts
^^S^^Pm jsou kla-deny po^^Tzadavky na o^^Tcek^^Savan^^Sy
 []


Overfull \hbox (22.51093pt too wide) in paragraph at lines 55--56
\OT1/cmr/m/n/12 port-fo-lia a n^^Sahodn^^Symi veli^^Tcinami re-pre-zen-tuj^^S^^
Pc^^S^^P v^^Synosnosti jed-not-liv^^Sych ak-tiv obsa^^Tzen^^Sych
 []


Overfull \hbox (10.43181pt too wide) in paragraph at lines 57--58
[]\OT1/cmr/m/n/12 Ve druh^^Se pod-ka-pi-tole uk^^Sa^^Tzeme dv^^Te me-tody, jak 
z^^S^^Pskat od-hady o^^Tcek^^Savan^^Se v^^Synosnosti
 []

[2

]
Kapitola 1.
[3

]
Overfull \hbox (20.87978pt too wide) in paragraph at lines 107--108
[]\OT1/cmr/m/n/12 Uva^^Tzme in-ves-tora, kter^^Sy chce naj^^S^^Pt port-fo-lio p
^^Trin^^Sa^^Tsej^^S^^Pc^^S^^P ma-xim^^Saln^^S^^P v^^Synos. Vych^^Sazejme
 []

[4]
Overfull \hbox (40.53105pt too wide) in paragraph at lines 132--133
\OT1/cmr/m/n/12 Jednou z mo^^Tznost^^S^^P je vyu^^Tzit^^S^^P his-to-rick^^Sych 
dat k od-hadu bu-douc^^S^^P v^^Synosnosti. P^^Tredpokl^^Sadejme,
 []


Overfull \hbox (29.59671pt too wide) in paragraph at lines 132--133
\OT1/cmr/m/n/12 ^^Tze m^^Same k dis-po-zici v^^Synosnosti ak-tiva $\OML/cmm/m/i
t/12 A[]$ \OT1/cmr/m/n/12 v ob-dob^^S^^Pch $1\OML/cmm/m/it/12 ; \OT1/cmr/m/n/12
 2\OML/cmm/m/it/12 ; [] ; T$\OT1/cmr/m/n/12 , ozna^^Tcme je $\OML/cmm/m/it/12 r
[]; r[]; [] ; r[]$\OT1/cmr/m/n/12 .
 []


Overfull \hbox (47.18567pt too wide) in paragraph at lines 132--133
\OT1/cmr/m/n/12 ^^Tze v^^Synosnosti v jed-not-liv^^Sych ob-dob^^S^^Pch jsou nez
^^Savisl^^Se a maj^^S^^P stejn^^Se rozd^^Telen^^S^^P pravd^^Tepodobnosti.
 []

[5]
Overfull \hbox (14.80513pt too wide) in paragraph at lines 162--163
[]\OT1/cmr/m/n/12 P^^Tredpokl^^Sadejme ^^Tze v^^Synosnost cenn^^Sych pap^^S^^Pr
^^Wu $\OML/cmm/m/it/12 A[]$ \OT1/cmr/m/n/12 m^^Wu^^Tze nab^^Syt hod-not $\OML/c
mm/m/it/12 r[]; r[]; [] ; r[]$\OT1/cmr/m/n/12 ,
 []

[6] [7]
Overfull \hbox (1.92574pt too wide) in paragraph at lines 223--224
\OT1/cmr/m/n/12 osu $\OML/cmm/m/it/12 y$ \OT1/cmr/m/n/12 vyn^^Sa^^Ts^^S^^Pme o^
^Tcek^^Savanou v^^Synosnost port-fo-lia a na osu $\OML/cmm/m/it/12 x$ \OT1/cmr/
m/n/12 ri-ziko m^^Te^^Tren^^Se sm^^Terodatnou
 []


Overfull \hbox (4.39809pt too wide) in paragraph at lines 225--226
[]\OT1/cmr/m/n/12 Pro ka^^Tzd^^Seho in-ves-tora se-stavme mno^^Tzinu in-di-fe-r
en^^Tcn^^S^^Pch k^^Trivek. In-di-fe-ren^^Tcn^^S^^P k^^Trivka
 []

<IC0.png, id=44, 920.43875pt x 699.61375pt>
File: IC0.png Graphic file (type png)
 <use IC0.png>
Package pdftex.def Info: IC0.png used on input line 229.
(pdftex.def)             Requested size: 284.52756pt x 216.26953pt.
 [8 <./IC0.png>]
<IC3.png, id=48, 255.8358pt x 227.4096pt>
File: IC3.png Graphic file (type png)
 <use IC3.png>
Package pdftex.def Info: IC3.png used on input line 238.
(pdftex.def)             Requested size: 199.16928pt x 177.04218pt.

<IC2.png, id=49, 255.8358pt x 227.4096pt>
File: IC2.png Graphic file (type png)
 <use IC2.png>
Package pdftex.def Info: IC2.png used on input line 239.
(pdftex.def)             Requested size: 199.16928pt x 177.04218pt.

<IC1.png, id=50, 313.17pt x 227.4096pt>
File: IC1.png Graphic file (type png)
 <use IC1.png>
Package pdftex.def Info: IC1.png used on input line 240.
(pdftex.def)             Requested size: 241.84842pt x 175.62642pt.
 [9 <./IC3.png> <./IC2.png> <./IC1.png>]
LaTeX Font Info:    Try loading font information for OMS+cmr on input line 249.

 (/usr/share/texmf-dist/tex/latex/base/omscmr.fd
File: omscmr.fd 1999/05/25 v2.5h Standard LaTeX font definitions
)
LaTeX Font Info:    Font shape `OMS/cmr/m/n' in size <12> not available
(Font)              Font shape `OMS/cmsy/m/n' tried instead on input line 249.

Overfull \hbox (10.95688pt too wide) in paragraph at lines 249--250
[]\OT1/cmr/m/n/12 v p^^Tr^^S^^Ppustn^^Se mno^^Tzin^^Te ne-e-xis-tuje port-fo-li
o se stejn^^Sym ri-zi-kem a vy^^Ts^^Ts^^S^^Pm o^^Tcek^^Savan^^Sym
 []

<ef_mn.png, id=55, 969.6225pt x 737.75626pt>
File: ef_mn.png Graphic file (type png)
 <use ef_mn.png>
Package pdftex.def Info: ef_mn.png used on input line 257.
(pdftex.def)             Requested size: 284.52756pt x 216.48796pt.
 [10 <./ef_mn.png>] <vyber.png, id=59, 845.1575pt x 730.73pt>
File: vyber.png Graphic file (type png)
 <use vyber.png>
Package pdftex.def Info: vyber.png used on input line 274.
(pdftex.def)             Requested size: 284.52756pt x 246.00305pt.
 [11 <./vyber.png>]
Kapitola 2.
<hw1.png, id=63, 1050.92625pt x 1258.7025pt>
File: hw1.png Graphic file (type png)
 <use hw1.png>
Package pdftex.def Info: hw1.png used on input line 308.
(pdftex.def)             Requested size: 485.32417pt x 581.28586pt.

Overfull \hbox (58.53282pt too wide) in paragraph at lines 308--309
 [][] 
 []

[12

] [13] [14 <./hw1.png>]
Overfull \hbox (5.60416pt too wide) in paragraph at lines 326--345
\OT1/cmr/m/n/12 Zde se zab^^Syv^^Same velk^^Symi soft-wa-rov^^Symi fir-mami a p
o-sky-to-va-teli elek-tro-nick^^Sych slu^^Tzeb.
 []

<sw1.png, id=76, 1050.92625pt x 1258.7025pt>
File: sw1.png Graphic file (type png)
 <use sw1.png>
Package pdftex.def Info: sw1.png used on input line 348.
(pdftex.def)             Requested size: 485.32417pt x 581.28586pt.

Overfull \hbox (58.53282pt too wide) in paragraph at lines 348--349
 [][] 
 []

[15

] [16 <./sw1.png>] <drugs1.png, id=84, 1050.92625pt x 1258.7025pt>
File: drugs1.png Graphic file (type png)

<use drugs1.png>
Package pdftex.def Info: drugs1.png used on input line 386.
(pdftex.def)             Requested size: 485.32417pt x 581.28586pt.

Overfull \hbox (58.53282pt too wide) in paragraph at lines 386--387
 [][] 
 []

[17

] [18 <./drugs1.png>] <fin1.png, id=93, 1050.92625pt x 1258.7025pt>
File: fin1.png Graphic file (type png)

<use fin1.png>
Package pdftex.def Info: fin1.png used on input line 424.
(pdftex.def)             Requested size: 485.32417pt x 581.28586pt.

Overfull \hbox (58.53282pt too wide) in paragraph at lines 424--425
 [][] 
 []

[19

] [20 <./fin1.png>] <ind1.png, id=101, 1050.92625pt x 1258.7025pt>
File: ind1.png Graphic file (type png)

<use ind1.png>
Package pdftex.def Info: ind1.png used on input line 461.
(pdftex.def)             Requested size: 485.32417pt x 581.28586pt.

Overfull \hbox (58.53282pt too wide) in paragraph at lines 461--462
 [][] 
 []

[21

] [22 <./ind1.png>]
Overfull \hbox (5.63472pt too wide) in paragraph at lines 480--499
\OT1/cmr/m/n/12 Zde bu-deme zkou-mat ak-cie ma-ji-tel^^Wu 10 nej-cenn^^Tej^^Ts^
^S^^Pch zna^^Tcek podle Fi-nan-cial Times[[]],
 []

<brands1.png, id=109, 1050.92625pt x 1258.7025pt>
File: brands1.png Graphic file (type png)
 <use brands1.png>
Package pdftex.def Info: brands1.png used on input line 502.
(pdftex.def)             Requested size: 485.32417pt x 581.28586pt.

Overfull \hbox (58.53282pt too wide) in paragraph at lines 502--503
 [][] 
 []

[23

] [24 <./brands1.png>] <top10.png, id=118, 1050.92625pt x 1258.7025pt>
File: top10.png Graphic file (type png)

<use top10.png>
Package pdftex.def Info: top10.png used on input line 544.
(pdftex.def)             Requested size: 485.32417pt x 581.28586pt.

Overfull \hbox (58.53282pt too wide) in paragraph at lines 544--545
 [][] 
 []

[25

] [26 <./top10.png>]
Overfull \hbox (8.22011pt too wide) in paragraph at lines 570--582
 [][] 
 []

[27

]
Underfull \hbox (badness 3942) in paragraph at lines 593--594
[]\OT1/cmr/m/n/12 VAUGHT, Tra-vis. Tra-vis Vau-ght Blog [on-line]. 2011-09-01 [
cit. 2011-
 []


Underfull \hbox (badness 10000) in paragraph at lines 593--594
\OT1/cmr/m/n/12 11-26]. Mo-dern Port-fo-lio The-ory - A Py-thon Im-ple-men-tati
on. Do-
 []


Underfull \hbox (badness 10000) in paragraph at lines 593--594
\OT1/cmr/m/n/12 stupn^^Se z WWW: $\OT1/cmtt/m/n/12 http : / / travisvaught . bl
ogspot . com / 2011 / 09 /
 []


Underfull \hbox (badness 1194) in paragraph at lines 605--606
[]\OT1/cmr/m/n/12 Finacial Ti-mes. Fi-nan-cial Ti-mes Spe-cial Re-port [on-line
]. 2011-05-19 [cit.
 []


Underfull \hbox (badness 10000) in paragraph at lines 605--606
\OT1/cmtt/m/n/12 com / Libraries / Optimor _ BrandZ _ Files / 2011 _ BrandZ _ F
inancialTimes _
 []

[28

] (./tepo.aux) ) 
Here is how much of TeX's memory you used:
 4010 strings out of 493633
 50481 string characters out of 3148831
 124787 words of memory out of 3000000
 7208 multiletter control sequences out of 15000+200000
 13230 words of font info for 51 fonts, out of 3000000 for 9000
 831 hyphenation exceptions out of 8191
 38i,12n,43p,1021b,311s stack positions out of 5000i,500n,10000p,200000b,50000s
</usr/share/texmf-dist/fonts/type1/public/amsfonts/cm/cmbx12.pf
b></usr/share/texmf-dist/fonts/type1/public/amsfonts/cm/cmex10.pfb></usr/share/
texmf-dist/fonts/type1/public/amsfonts/cm/cmmi10.pfb></usr/share/texmf-dist/fon
ts/type1/public/amsfonts/cm/cmmi12.pfb></usr/share/texmf-dist/fonts/type1/publi
c/amsfonts/cm/cmmi7.pfb></usr/share/texmf-dist/fonts/type1/public/amsfonts/cm/c
mmi8.pfb></usr/share/texmf-dist/fonts/type1/public/amsfonts/cm/cmr10.pfb></usr/
share/texmf-dist/fonts/type1/public/amsfonts/cm/cmr12.pfb></usr/share/texmf-dis
t/fonts/type1/public/amsfonts/cm/cmr7.pfb></usr/share/texmf-dist/fonts/type1/pu
blic/amsfonts/cm/cmr8.pfb></usr/share/texmf-dist/fonts/type1/public/amsfonts/cm
/cmsy10.pfb></usr/share/texmf-dist/fonts/type1/public/amsfonts/cm/cmsy8.pfb></u
sr/share/texmf-dist/fonts/type1/public/amsfonts/cm/cmti12.pfb></usr/share/texmf
-dist/fonts/type1/public/amsfonts/cm/cmtt12.pfb></usr/share/texmf-dist/fonts/ty
pe1/public/amsfonts/symbols/msbm10.pfb>
Output written on tepo.pdf (29 pages, 1544655 bytes).
PDF statistics:
 182 PDF objects out of 1000 (max. 8388607)
 112 compressed objects within 2 object streams
 0 named destinations out of 1000 (max. 500000)
 71 words of extra memory for PDF output out of 10000 (max. 10000000)

